
> my-app@0.0.0 dev
> vite


  VITE v7.3.0  ready in 260 ms

  ➜  Local:   http://localhost:5173/
  ➜  Network: use --host to expose
4:41:15 p.m. [vite] (client) page reload sutera-style-image.html
4:43:14 p.m. [vite] (client) page reload sutera-style-image.html
4:46:30 p.m. [vite] (client) page reload sutera-style-image.html
4:48:13 p.m. [vite] (client) page reload sutera-style-image.html
4:49:16 p.m. [vite] (client) page reload sutera-style-image.html
4:49:56 p.m. [vite] (client) page reload sutera-style-image.html
4:51:05 p.m. [vite] (client) page reload sutera-style-image.html
4:52:12 p.m. [vite] (client) page reload sutera-style-image.html
4:53:22 p.m. [vite] (client) page reload sutera-style-image.html
4:53:49 p.m. [vite] (client) page reload sutera-style-image.html
4:56:37 p.m. [vite] (client) page reload sutera-style-image.html
4:56:47 p.m. [vite] (client) page reload sutera-style-image.html
4:58:59 p.m. [vite] (client) page reload sutera-style-image.html
4:59:09 p.m. [vite] (client) page reload sutera-style-image.html
4:59:53 p.m. [vite] (client) page reload sutera-style-image.html
5:00:36 p.m. [vite] (client) page reload sutera-style-image.html
5:01:20 p.m. [vite] (client) page reload sutera-style-image.html
5:03:17 p.m. [vite] (client) page reload sutera-style-image.html
5:04:33 p.m. [vite] (client) page reload sutera-style-image.html
5:04:48 p.m. [vite] (client) page reload sutera-style-image.html
5:06:11 p.m. [vite] (client) page reload sutera-style-image.html
5:07:21 p.m. [vite] (client) page reload sutera-style-image.html
5:07:44 p.m. [vite] (client) page reload sutera-style-image.html
5:08:41 p.m. [vite] (client) page reload sutera-style-image.html
5:10:57 p.m. [vite] (client) page reload sutera-style-image.html
5:13:22 p.m. [vite] (client) page reload sutera-style-image.html
5:13:47 p.m. [vite] (client) page reload sutera-style-image.html
5:16:24 p.m. [vite] (client) page reload sutera-style-image.html
5:16:51 p.m. [vite] (client) page reload sutera-style-image.html
5:24:29 p.m. [vite] (client) page reload sutera-style-image.html
5:24:50 p.m. [vite] (client) page reload sutera-style-image.html
5:27:55 p.m. [vite] (client) page reload sutera-style-image.html
5:30:42 p.m. [vite] (client) page reload sutera-style-image.html
